########### 29-07-2013 16:38 ###########
mc_gross		=> 1.00
invoice		=> 1375101490
protection_eligibility		=> Ineligible
address_status		=> unconfirmed
payer_id		=> H3GDKNC7A9YLJ
tax		=> 0.00
address_street		=> Veernaja 36-2-64
payment_date		=> 05:38:36 Jul 29, 2013 PDT
payment_status		=> Completed
charset		=> windows-1252
address_zip		=> 119501
first_name		=> Alexandr
mc_fee		=> 0.33
address_country_code		=> RU
address_name		=> Tonkonogov Alexandr
notify_version		=> 3.7
custom		=> 0
payer_status		=> verified
business		=> stuff82@gmail.com
address_country		=> Russia
address_city		=> Moscow
quantity		=> 1
verify_sign		=> AuHXPWAThM9z6cAHYWMC8YAwqc27A3nshQvukGqnr1MQ9mFbFBJytiWw
payer_email		=> sahaton@mail.ru
txn_id		=> 7H888531UE0280257
payment_type		=> instant
last_name		=> Tonkonogov
address_state		=> 
receiver_email		=> stuff82@gmail.com
payment_fee		=> 0.33
receiver_id		=> N8BXHBYCNHWQ2
txn_type		=> web_accept
item_name		=> Refill balance for client 4 on $1
mc_currency		=> USD
item_number		=> 4
residence_country		=> RU
handling_amount		=> 0.00
transaction_subject		=> 0
payment_gross		=> 1.00
shipping		=> 0.00
ipn_track_id		=> e90fdbe4bfe19
########################################


########### 29-07-2013 16:38 ###########
mc_gross		=> 1.00
invoice		=> 1375101490
protection_eligibility		=> Ineligible
address_status		=> unconfirmed
payer_id		=> H3GDKNC7A9YLJ
tax		=> 0.00
address_street		=> Veernaja 36-2-64
payment_date		=> 05:38:36 Jul 29, 2013 PDT
payment_status		=> Completed
charset		=> windows-1252
address_zip		=> 119501
first_name		=> Alexandr
mc_fee		=> 0.33
address_country_code		=> RU
address_name		=> Tonkonogov Alexandr
notify_version		=> 3.7
custom		=> 0
payer_status		=> verified
business		=> stuff82@gmail.com
address_country		=> Russia
address_city		=> Moscow
quantity		=> 1
verify_sign		=> AuHXPWAThM9z6cAHYWMC8YAwqc27A3nshQvukGqnr1MQ9mFbFBJytiWw
payer_email		=> sahaton@mail.ru
txn_id		=> 7H888531UE0280257
payment_type		=> instant
last_name		=> Tonkonogov
address_state		=> 
receiver_email		=> stuff82@gmail.com
payment_fee		=> 0.33
receiver_id		=> N8BXHBYCNHWQ2
txn_type		=> web_accept
item_name		=> Refill balance for client 4 on $1
mc_currency		=> USD
item_number		=> 4
residence_country		=> RU
handling_amount		=> 0.00
transaction_subject		=> 0
payment_gross		=> 1.00
shipping		=> 0.00
ipn_track_id		=> e90fdbe4bfe19
Status: OK! [payment_id=218]
########################################


########### 29-07-2013 17:01 ###########
mc_gross		=> 1.00
invoice		=> 1375102874
protection_eligibility		=> Ineligible
address_status		=> unconfirmed
payer_id		=> H3GDKNC7A9YLJ
tax		=> 0.00
address_street		=> Veernaja 36-2-64
payment_date		=> 06:01:30 Jul 29, 2013 PDT
payment_status		=> Completed
charset		=> windows-1252
address_zip		=> 119501
first_name		=> Alexandr
mc_fee		=> 0.33
address_country_code		=> RU
address_name		=> Tonkonogov Alexandr
notify_version		=> 3.7
custom		=> 0
payer_status		=> verified
business		=> stuff82@gmail.com
address_country		=> Russia
address_city		=> Moscow
quantity		=> 1
verify_sign		=> A481n8O6t2rrijEzB8zKlFMYYfsVAp6ZeZ.OX3u4Hw4Sfweug301WxIP
payer_email		=> sahaton@mail.ru
txn_id		=> 1K2460682Y492503R
payment_type		=> instant
last_name		=> Tonkonogov
address_state		=> 
receiver_email		=> stuff82@gmail.com
payment_fee		=> 0.33
receiver_id		=> N8BXHBYCNHWQ2
txn_type		=> web_accept
item_name		=> Refill balance for client 4 on $1
mc_currency		=> USD
item_number		=> 4
residence_country		=> RU
handling_amount		=> 0.00
transaction_subject		=> 0
payment_gross		=> 1.00
shipping		=> 0.00
ipn_track_id		=> e7dbfa6d65b5
########################################


########### 29-07-2013 17:01 ###########
mc_gross		=> 1.00
invoice		=> 1375102874
protection_eligibility		=> Ineligible
address_status		=> unconfirmed
payer_id		=> H3GDKNC7A9YLJ
tax		=> 0.00
address_street		=> Veernaja 36-2-64
payment_date		=> 06:01:30 Jul 29, 2013 PDT
payment_status		=> Completed
charset		=> windows-1252
address_zip		=> 119501
first_name		=> Alexandr
mc_fee		=> 0.33
address_country_code		=> RU
address_name		=> Tonkonogov Alexandr
notify_version		=> 3.7
custom		=> 0
payer_status		=> verified
business		=> stuff82@gmail.com
address_country		=> Russia
address_city		=> Moscow
quantity		=> 1
verify_sign		=> A481n8O6t2rrijEzB8zKlFMYYfsVAp6ZeZ.OX3u4Hw4Sfweug301WxIP
payer_email		=> sahaton@mail.ru
txn_id		=> 1K2460682Y492503R
payment_type		=> instant
last_name		=> Tonkonogov
address_state		=> 
receiver_email		=> stuff82@gmail.com
payment_fee		=> 0.33
receiver_id		=> N8BXHBYCNHWQ2
txn_type		=> web_accept
item_name		=> Refill balance for client 4 on $1
mc_currency		=> USD
item_number		=> 4
residence_country		=> RU
handling_amount		=> 0.00
transaction_subject		=> 0
payment_gross		=> 1.00
shipping		=> 0.00
ipn_track_id		=> e7dbfa6d65b5
Status: OK! [payment_id=219]
########################################


########### 29-07-2013 18:07 ###########
mc_gross		=> 1.00
invoice		=> 1375106843
protection_eligibility		=> Ineligible
address_status		=> unconfirmed
payer_id		=> H3GDKNC7A9YLJ
tax		=> 0.00
address_street		=> Veernaja 36-2-64
payment_date		=> 07:07:54 Jul 29, 2013 PDT
payment_status		=> Completed
charset		=> windows-1252
address_zip		=> 119501
first_name		=> Alexandr
mc_fee		=> 0.33
address_country_code		=> RU
address_name		=> Tonkonogov Alexandr
notify_version		=> 3.7
custom		=> 0
payer_status		=> verified
business		=> stuff82@gmail.com
address_country		=> Russia
address_city		=> Moscow
quantity		=> 1
verify_sign		=> A9KEDZVPxJHCoZPH7MoAtVpvY.MdAEKPvNKtUmSq08KUUkzbQUlr0YO6
payer_email		=> sahaton@mail.ru
txn_id		=> 8AL92805EX5237824
payment_type		=> instant
last_name		=> Tonkonogov
address_state		=> 
receiver_email		=> stuff82@gmail.com
payment_fee		=> 0.33
receiver_id		=> N8BXHBYCNHWQ2
txn_type		=> web_accept
item_name		=> Refill balance for client 4 on $1
mc_currency		=> USD
item_number		=> 4
residence_country		=> RU
handling_amount		=> 0.00
transaction_subject		=> 0
payment_gross		=> 1.00
shipping		=> 0.00
ipn_track_id		=> f2adfb059d34d
########################################


########### 29-07-2013 18:07 ###########
mc_gross		=> 1.00
invoice		=> 1375106843
protection_eligibility		=> Ineligible
address_status		=> unconfirmed
payer_id		=> H3GDKNC7A9YLJ
tax		=> 0.00
address_street		=> Veernaja 36-2-64
payment_date		=> 07:07:54 Jul 29, 2013 PDT
payment_status		=> Completed
charset		=> windows-1252
address_zip		=> 119501
first_name		=> Alexandr
mc_fee		=> 0.33
address_country_code		=> RU
address_name		=> Tonkonogov Alexandr
notify_version		=> 3.7
custom		=> 0
payer_status		=> verified
business		=> stuff82@gmail.com
address_country		=> Russia
address_city		=> Moscow
quantity		=> 1
verify_sign		=> A9KEDZVPxJHCoZPH7MoAtVpvY.MdAEKPvNKtUmSq08KUUkzbQUlr0YO6
payer_email		=> sahaton@mail.ru
txn_id		=> 8AL92805EX5237824
payment_type		=> instant
last_name		=> Tonkonogov
address_state		=> 
receiver_email		=> stuff82@gmail.com
payment_fee		=> 0.33
receiver_id		=> N8BXHBYCNHWQ2
txn_type		=> web_accept
item_name		=> Refill balance for client 4 on $1
mc_currency		=> USD
item_number		=> 4
residence_country		=> RU
handling_amount		=> 0.00
transaction_subject		=> 0
payment_gross		=> 1.00
shipping		=> 0.00
ipn_track_id		=> f2adfb059d34d
Status: FAIL! Детали платежа не найдены.
########################################


########### 29-07-2013 18:13 ###########
mc_gross		=> 1.00
invoice		=> 1375107220
protection_eligibility		=> Ineligible
address_status		=> unconfirmed
payer_id		=> H3GDKNC7A9YLJ
tax		=> 0.00
address_street		=> Veernaja 36-2-64
payment_date		=> 07:13:55 Jul 29, 2013 PDT
payment_status		=> Completed
charset		=> windows-1252
address_zip		=> 119501
first_name		=> Alexandr
mc_fee		=> 0.33
address_country_code		=> RU
address_name		=> Tonkonogov Alexandr
notify_version		=> 3.7
custom		=> 0
payer_status		=> verified
business		=> stuff82@gmail.com
address_country		=> Russia
address_city		=> Moscow
quantity		=> 1
verify_sign		=> ALSDfI4Oiax2UM7vx0MdVzFLE.NcAayicj1JDd39USe2b2WXDtLEL9xL
payer_email		=> sahaton@mail.ru
txn_id		=> 1EA505399J752933W
payment_type		=> instant
last_name		=> Tonkonogov
address_state		=> 
receiver_email		=> stuff82@gmail.com
payment_fee		=> 0.33
receiver_id		=> N8BXHBYCNHWQ2
txn_type		=> web_accept
item_name		=> Refill balance for client 4 on $1
mc_currency		=> USD
item_number		=> 4
residence_country		=> RU
handling_amount		=> 0.00
transaction_subject		=> 0
payment_gross		=> 1.00
shipping		=> 0.00
ipn_track_id		=> 2d759647a97ad
########################################


########### 29-07-2013 18:13 ###########
mc_gross		=> 1.00
invoice		=> 1375107220
protection_eligibility		=> Ineligible
address_status		=> unconfirmed
payer_id		=> H3GDKNC7A9YLJ
tax		=> 0.00
address_street		=> Veernaja 36-2-64
payment_date		=> 07:13:55 Jul 29, 2013 PDT
payment_status		=> Completed
charset		=> windows-1252
address_zip		=> 119501
first_name		=> Alexandr
mc_fee		=> 0.33
address_country_code		=> RU
address_name		=> Tonkonogov Alexandr
notify_version		=> 3.7
custom		=> 0
payer_status		=> verified
business		=> stuff82@gmail.com
address_country		=> Russia
address_city		=> Moscow
quantity		=> 1
verify_sign		=> ALSDfI4Oiax2UM7vx0MdVzFLE.NcAayicj1JDd39USe2b2WXDtLEL9xL
payer_email		=> sahaton@mail.ru
txn_id		=> 1EA505399J752933W
payment_type		=> instant
last_name		=> Tonkonogov
address_state		=> 
receiver_email		=> stuff82@gmail.com
payment_fee		=> 0.33
receiver_id		=> N8BXHBYCNHWQ2
txn_type		=> web_accept
item_name		=> Refill balance for client 4 on $1
mc_currency		=> USD
item_number		=> 4
residence_country		=> RU
handling_amount		=> 0.00
transaction_subject		=> 0
payment_gross		=> 1.00
shipping		=> 0.00
ipn_track_id		=> 2d759647a97ad
Status: OK! [payment_id=220]
########################################


########### 29-07-2013 18:20 ###########
mc_gross		=> 1.00
invoice		=> 1375107639
protection_eligibility		=> Ineligible
address_status		=> unconfirmed
payer_id		=> H3GDKNC7A9YLJ
tax		=> 0.00
address_street		=> Veernaja 36-2-64
payment_date		=> 07:20:52 Jul 29, 2013 PDT
payment_status		=> Completed
charset		=> windows-1252
address_zip		=> 119501
first_name		=> Alexandr
mc_fee		=> 0.33
address_country_code		=> RU
address_name		=> Tonkonogov Alexandr
notify_version		=> 3.7
custom		=> 0
payer_status		=> verified
business		=> stuff82@gmail.com
address_country		=> Russia
address_city		=> Moscow
quantity		=> 1
verify_sign		=> AbVpE46Hdzh6d29Gu3X3iR8qqXBgAuyrBnWOSapEHOXXaBjc6ksUwXfb
payer_email		=> sahaton@mail.ru
txn_id		=> 9K412965LX893050P
payment_type		=> instant
last_name		=> Tonkonogov
address_state		=> 
receiver_email		=> stuff82@gmail.com
payment_fee		=> 0.33
receiver_id		=> N8BXHBYCNHWQ2
txn_type		=> web_accept
item_name		=> Refill balance for client 4 on $1
mc_currency		=> USD
item_number		=> 4
residence_country		=> RU
handling_amount		=> 0.00
transaction_subject		=> 0
payment_gross		=> 1.00
shipping		=> 0.00
ipn_track_id		=> ed35cb4be519b
########################################


########### 29-07-2013 18:20 ###########
mc_gross		=> 1.00
invoice		=> 1375107639
protection_eligibility		=> Ineligible
address_status		=> unconfirmed
payer_id		=> H3GDKNC7A9YLJ
tax		=> 0.00
address_street		=> Veernaja 36-2-64
payment_date		=> 07:20:52 Jul 29, 2013 PDT
payment_status		=> Completed
charset		=> windows-1252
address_zip		=> 119501
first_name		=> Alexandr
mc_fee		=> 0.33
address_country_code		=> RU
address_name		=> Tonkonogov Alexandr
notify_version		=> 3.7
custom		=> 0
payer_status		=> verified
business		=> stuff82@gmail.com
address_country		=> Russia
address_city		=> Moscow
quantity		=> 1
verify_sign		=> AbVpE46Hdzh6d29Gu3X3iR8qqXBgAuyrBnWOSapEHOXXaBjc6ksUwXfb
payer_email		=> sahaton@mail.ru
txn_id		=> 9K412965LX893050P
payment_type		=> instant
last_name		=> Tonkonogov
address_state		=> 
receiver_email		=> stuff82@gmail.com
payment_fee		=> 0.33
receiver_id		=> N8BXHBYCNHWQ2
txn_type		=> web_accept
item_name		=> Refill balance for client 4 on $1
mc_currency		=> USD
item_number		=> 4
residence_country		=> RU
handling_amount		=> 0.00
transaction_subject		=> 0
payment_gross		=> 1.00
shipping		=> 0.00
ipn_track_id		=> ed35cb4be519b
Status: OK! [payment_id=221]
########################################


########### 29-07-2013 18:23 ###########
mc_gross		=> 1.00
invoice		=> 1375107805
protection_eligibility		=> Ineligible
address_status		=> unconfirmed
payer_id		=> H3GDKNC7A9YLJ
tax		=> 0.00
address_street		=> Veernaja 36-2-64
payment_date		=> 07:23:35 Jul 29, 2013 PDT
payment_status		=> Completed
charset		=> windows-1252
address_zip		=> 119501
first_name		=> Alexandr
mc_fee		=> 0.33
address_country_code		=> RU
address_name		=> Tonkonogov Alexandr
notify_version		=> 3.7
custom		=> 0
payer_status		=> verified
business		=> stuff82@gmail.com
address_country		=> Russia
address_city		=> Moscow
quantity		=> 1
verify_sign		=> AanfqmupM8NC7KuUqyodVAIKx37YAqnyoe1WEwepVDvOJuOCSDasF.vG
payer_email		=> sahaton@mail.ru
txn_id		=> 59U98111NR882604V
payment_type		=> instant
last_name		=> Tonkonogov
address_state		=> 
receiver_email		=> stuff82@gmail.com
payment_fee		=> 0.33
receiver_id		=> N8BXHBYCNHWQ2
txn_type		=> web_accept
item_name		=> Refill balance for client 4 on $1
mc_currency		=> USD
item_number		=> 4
residence_country		=> RU
handling_amount		=> 0.00
transaction_subject		=> 0
payment_gross		=> 1.00
shipping		=> 0.00
ipn_track_id		=> ef36db2b802c2
########################################


########### 29-07-2013 18:23 ###########
mc_gross		=> 1.00
invoice		=> 1375107805
protection_eligibility		=> Ineligible
address_status		=> unconfirmed
payer_id		=> H3GDKNC7A9YLJ
tax		=> 0.00
address_street		=> Veernaja 36-2-64
payment_date		=> 07:23:35 Jul 29, 2013 PDT
payment_status		=> Completed
charset		=> windows-1252
address_zip		=> 119501
first_name		=> Alexandr
mc_fee		=> 0.33
address_country_code		=> RU
address_name		=> Tonkonogov Alexandr
notify_version		=> 3.7
custom		=> 0
payer_status		=> verified
business		=> stuff82@gmail.com
address_country		=> Russia
address_city		=> Moscow
quantity		=> 1
verify_sign		=> AanfqmupM8NC7KuUqyodVAIKx37YAqnyoe1WEwepVDvOJuOCSDasF.vG
payer_email		=> sahaton@mail.ru
txn_id		=> 59U98111NR882604V
payment_type		=> instant
last_name		=> Tonkonogov
address_state		=> 
receiver_email		=> stuff82@gmail.com
payment_fee		=> 0.33
receiver_id		=> N8BXHBYCNHWQ2
txn_type		=> web_accept
item_name		=> Refill balance for client 4 on $1
mc_currency		=> USD
item_number		=> 4
residence_country		=> RU
handling_amount		=> 0.00
transaction_subject		=> 0
payment_gross		=> 1.00
shipping		=> 0.00
ipn_track_id		=> ef36db2b802c2
Status: OK! 
########################################


########### 29-07-2013 18:42 ###########
mc_gross		=> 1.00
invoice		=> 1375108938
protection_eligibility		=> Ineligible
address_status		=> unconfirmed
payer_id		=> H3GDKNC7A9YLJ
tax		=> 0.00
address_street		=> Veernaja 36-2-64
payment_date		=> 07:42:31 Jul 29, 2013 PDT
payment_status		=> Completed
charset		=> windows-1252
address_zip		=> 119501
first_name		=> Alexandr
mc_fee		=> 0.33
address_country_code		=> RU
address_name		=> Tonkonogov Alexandr
notify_version		=> 3.7
custom		=> 0
payer_status		=> verified
business		=> stuff82@gmail.com
address_country		=> Russia
address_city		=> Moscow
quantity		=> 1
verify_sign		=> AUkau1FwogE3kL3qo1vGTARqlijQAE-2UWQmood2sQq8AD0LdZf3Wkc0
payer_email		=> sahaton@mail.ru
txn_id		=> 2JF5921253579913R
payment_type		=> instant
last_name		=> Tonkonogov
address_state		=> 
receiver_email		=> stuff82@gmail.com
payment_fee		=> 0.33
receiver_id		=> N8BXHBYCNHWQ2
txn_type		=> web_accept
item_name		=> Refill balance for client 4 on $1
mc_currency		=> USD
item_number		=> 4
residence_country		=> RU
handling_amount		=> 0.00
transaction_subject		=> 0
payment_gross		=> 1.00
shipping		=> 0.00
ipn_track_id		=> 2570dff3c29f2
########################################


########### 29-07-2013 18:42 ###########
mc_gross		=> 1.00
invoice		=> 1375108938
protection_eligibility		=> Ineligible
address_status		=> unconfirmed
payer_id		=> H3GDKNC7A9YLJ
tax		=> 0.00
address_street		=> Veernaja 36-2-64
payment_date		=> 07:42:31 Jul 29, 2013 PDT
payment_status		=> Completed
charset		=> windows-1252
address_zip		=> 119501
first_name		=> Alexandr
mc_fee		=> 0.33
address_country_code		=> RU
address_name		=> Tonkonogov Alexandr
notify_version		=> 3.7
custom		=> 0
payer_status		=> verified
business		=> stuff82@gmail.com
address_country		=> Russia
address_city		=> Moscow
quantity		=> 1
verify_sign		=> AUkau1FwogE3kL3qo1vGTARqlijQAE-2UWQmood2sQq8AD0LdZf3Wkc0
payer_email		=> sahaton@mail.ru
txn_id		=> 2JF5921253579913R
payment_type		=> instant
last_name		=> Tonkonogov
address_state		=> 
receiver_email		=> stuff82@gmail.com
payment_fee		=> 0.33
receiver_id		=> N8BXHBYCNHWQ2
txn_type		=> web_accept
item_name		=> Refill balance for client 4 on $1
mc_currency		=> USD
item_number		=> 4
residence_country		=> RU
handling_amount		=> 0.00
transaction_subject		=> 0
payment_gross		=> 1.00
shipping		=> 0.00
ipn_track_id		=> 2570dff3c29f2
Status: OK! 
########################################


########### 29-07-2013 19:02 ###########
mc_gross		=> 1.00
invoice		=> 1375110154
protection_eligibility		=> Ineligible
address_status		=> unconfirmed
payer_id		=> H3GDKNC7A9YLJ
tax		=> 0.00
address_street		=> Veernaja 36-2-64
payment_date		=> 08:02:44 Jul 29, 2013 PDT
payment_status		=> Completed
charset		=> windows-1252
address_zip		=> 119501
first_name		=> Alexandr
mc_fee		=> 0.33
address_country_code		=> RU
address_name		=> Tonkonogov Alexandr
notify_version		=> 3.7
custom		=> 0
payer_status		=> verified
business		=> stuff82@gmail.com
address_country		=> Russia
address_city		=> Moscow
quantity		=> 1
verify_sign		=> ADmhMw5gqASpvy.X38.nDdwooKz7AMEo-oFmgFil-lOxBu6TCQJZLLGW
payer_email		=> sahaton@mail.ru
txn_id		=> 31N8018504169342N
payment_type		=> instant
last_name		=> Tonkonogov
address_state		=> 
receiver_email		=> stuff82@gmail.com
payment_fee		=> 0.33
receiver_id		=> N8BXHBYCNHWQ2
txn_type		=> web_accept
item_name		=> Refill balance for client 4 on $1
mc_currency		=> USD
item_number		=> 4
residence_country		=> RU
handling_amount		=> 0.00
transaction_subject		=> 0
payment_gross		=> 1.00
shipping		=> 0.00
ipn_track_id		=> 78a5f101d42cd
########################################


########### 29-07-2013 19:02 ###########
mc_gross		=> 1.00
invoice		=> 1375110154
protection_eligibility		=> Ineligible
address_status		=> unconfirmed
payer_id		=> H3GDKNC7A9YLJ
tax		=> 0.00
address_street		=> Veernaja 36-2-64
payment_date		=> 08:02:44 Jul 29, 2013 PDT
payment_status		=> Completed
charset		=> windows-1252
address_zip		=> 119501
first_name		=> Alexandr
mc_fee		=> 0.33
address_country_code		=> RU
address_name		=> Tonkonogov Alexandr
notify_version		=> 3.7
custom		=> 0
payer_status		=> verified
business		=> stuff82@gmail.com
address_country		=> Russia
address_city		=> Moscow
quantity		=> 1
verify_sign		=> ADmhMw5gqASpvy.X38.nDdwooKz7AMEo-oFmgFil-lOxBu6TCQJZLLGW
payer_email		=> sahaton@mail.ru
txn_id		=> 31N8018504169342N
payment_type		=> instant
last_name		=> Tonkonogov
address_state		=> 
receiver_email		=> stuff82@gmail.com
payment_fee		=> 0.33
receiver_id		=> N8BXHBYCNHWQ2
txn_type		=> web_accept
item_name		=> Refill balance for client 4 on $1
mc_currency		=> USD
item_number		=> 4
residence_country		=> RU
handling_amount		=> 0.00
transaction_subject		=> 0
payment_gross		=> 1.00
shipping		=> 0.00
ipn_track_id		=> 78a5f101d42cd
Status: OK! 
########################################


########### 29-07-2013 19:08 ###########
mc_gross		=> 2.00
invoice		=> 1375110487
protection_eligibility		=> Ineligible
address_status		=> unconfirmed
payer_id		=> H3GDKNC7A9YLJ
tax		=> 0.00
address_street		=> Veernaja 36-2-64
payment_date		=> 08:08:19 Jul 29, 2013 PDT
payment_status		=> Completed
charset		=> windows-1252
address_zip		=> 119501
first_name		=> Alexandr
mc_fee		=> 0.37
address_country_code		=> RU
address_name		=> Tonkonogov Alexandr
notify_version		=> 3.7
custom		=> 0
payer_status		=> verified
business		=> stuff82@gmail.com
address_country		=> Russia
address_city		=> Moscow
quantity		=> 1
verify_sign		=> AhFNshCuVhWv6sUC-oZ7Ri3yM8q8AIsn929zwAmc1HBOxXGOyu9oruN3
payer_email		=> sahaton@mail.ru
txn_id		=> 42P10136M0111050C
payment_type		=> instant
last_name		=> Tonkonogov
address_state		=> 
receiver_email		=> stuff82@gmail.com
payment_fee		=> 0.37
receiver_id		=> N8BXHBYCNHWQ2
txn_type		=> web_accept
item_name		=> Refill balance for client 4 on $2
mc_currency		=> USD
item_number		=> 4
residence_country		=> RU
handling_amount		=> 0.00
transaction_subject		=> 0
payment_gross		=> 2.00
shipping		=> 0.00
ipn_track_id		=> f82aea2474474
########################################


########### 29-07-2013 19:08 ###########
mc_gross		=> 2.00
invoice		=> 1375110487
protection_eligibility		=> Ineligible
address_status		=> unconfirmed
payer_id		=> H3GDKNC7A9YLJ
tax		=> 0.00
address_street		=> Veernaja 36-2-64
payment_date		=> 08:08:19 Jul 29, 2013 PDT
payment_status		=> Completed
charset		=> windows-1252
address_zip		=> 119501
first_name		=> Alexandr
mc_fee		=> 0.37
address_country_code		=> RU
address_name		=> Tonkonogov Alexandr
notify_version		=> 3.7
custom		=> 0
payer_status		=> verified
business		=> stuff82@gmail.com
address_country		=> Russia
address_city		=> Moscow
quantity		=> 1
verify_sign		=> AhFNshCuVhWv6sUC-oZ7Ri3yM8q8AIsn929zwAmc1HBOxXGOyu9oruN3
payer_email		=> sahaton@mail.ru
txn_id		=> 42P10136M0111050C
payment_type		=> instant
last_name		=> Tonkonogov
address_state		=> 
receiver_email		=> stuff82@gmail.com
payment_fee		=> 0.37
receiver_id		=> N8BXHBYCNHWQ2
txn_type		=> web_accept
item_name		=> Refill balance for client 4 on $2
mc_currency		=> USD
item_number		=> 4
residence_country		=> RU
handling_amount		=> 0.00
transaction_subject		=> 0
payment_gross		=> 2.00
shipping		=> 0.00
ipn_track_id		=> f82aea2474474
Status: OK! 
########################################


