########### 23-07-2013 18:34 ###########
array(47) {
  ["PHPRC"]=>
  string(38) "/home/countrypost/fcgi-bin/../etc/php5"
  ["SCRIPT_FILENAME"]=>
  string(39) "/home/countrypost/public_html/index.php"
  ["PATH"]=>
  string(28) "/usr/local/bin:/usr/bin:/bin"
  ["PWD"]=>
  string(26) "/home/countrypost/fcgi-bin"
  ["SHLVL"]=>
  string(1) "0"
  ["FCGI_ROLE"]=>
  string(9) "RESPONDER"
  ["REDIRECT_HTTPS"]=>
  string(2) "on"
  ["REDIRECT_SCRIPT_URL"]=>
  string(20) "/syspay/showResultQW"
  ["REDIRECT_SCRIPT_URI"]=>
  string(41) "http://countrypost.ru/syspay/showResultQW"
  ["REDIRECT_STATUS"]=>
  string(3) "200"
  ["HTTPS"]=>
  string(2) "on"
  ["SCRIPT_URL"]=>
  string(20) "/syspay/showResultQW"
  ["SCRIPT_URI"]=>
  string(41) "http://countrypost.ru/syspay/showResultQW"
  ["HTTP_HOST"]=>
  string(14) "countrypost.ru"
  ["HTTP_X_FORWARDED_FOR"]=>
  string(13) "91.232.231.34"
  ["HTTP_X_REAL_IP"]=>
  string(13) "91.232.231.34"
  ["HTTP_X_FORWARDED_HTTPS"]=>
  string(2) "on"
  ["HTTP_X_FORWARDED_PROTO"]=>
  string(5) "https"
  ["HTTP_CONNECTION"]=>
  string(5) "close"
  ["CONTENT_TYPE"]=>
  string(23) "text/xml; charset=UTF-8"
  ["HTTP_ACCEPT"]=>
  string(3) "*/*"
  ["HTTP_SOAPACTION"]=>
  string(2) """"
  ["HTTP_USER_AGENT"]=>
  string(16) "Apache CXF 2.6.1"
  ["HTTP_CACHE_CONTROL"]=>
  string(8) "no-cache"
  ["HTTP_PRAGMA"]=>
  string(8) "no-cache"
  ["CONTENT_LENGTH"]=>
  string(3) "294"
  ["SERVER_SIGNATURE"]=>
  string(0) ""
  ["SERVER_SOFTWARE"]=>
  string(6) "Apache"
  ["SERVER_NAME"]=>
  string(14) "countrypost.ru"
  ["SERVER_ADDR"]=>
  string(9) "127.0.0.1"
  ["SERVER_PORT"]=>
  string(2) "80"
  ["REMOTE_ADDR"]=>
  string(13) "91.232.231.34"
  ["DOCUMENT_ROOT"]=>
  string(29) "/home/countrypost/public_html"
  ["SERVER_ADMIN"]=>
  string(18) "[no address given]"
  ["REMOTE_PORT"]=>
  string(5) "36697"
  ["REDIRECT_QUERY_STRING"]=>
  string(19) "syspay/showResultQW"
  ["REDIRECT_URL"]=>
  string(20) "/syspay/showResultQW"
  ["GATEWAY_INTERFACE"]=>
  string(7) "CGI/1.1"
  ["SERVER_PROTOCOL"]=>
  string(8) "HTTP/1.0"
  ["REQUEST_METHOD"]=>
  string(4) "POST"
  ["QUERY_STRING"]=>
  string(19) "syspay/showResultQW"
  ["REQUEST_URI"]=>
  string(20) "/syspay/showResultQW"
  ["SCRIPT_NAME"]=>
  string(10) "/index.php"
  ["PHP_SELF"]=>
  string(10) "/index.php"
  ["REQUEST_TIME"]=>
  int(1374590058)
  ["argv"]=>
  array(1) {
    [0]=>
    string(19) "syspay/showResultQW"
  }
  ["argc"]=>
  int(1)
}
########################################


########### 23-07-2013 18:34 ###########
array(47) {
  ["PHPRC"]=>
  string(38) "/home/countrypost/fcgi-bin/../etc/php5"
  ["SCRIPT_FILENAME"]=>
  string(39) "/home/countrypost/public_html/index.php"
  ["PATH"]=>
  string(28) "/usr/local/bin:/usr/bin:/bin"
  ["PWD"]=>
  string(26) "/home/countrypost/fcgi-bin"
  ["SHLVL"]=>
  string(1) "0"
  ["FCGI_ROLE"]=>
  string(9) "RESPONDER"
  ["REDIRECT_HTTPS"]=>
  string(2) "on"
  ["REDIRECT_SCRIPT_URL"]=>
  string(20) "/syspay/showResultQW"
  ["REDIRECT_SCRIPT_URI"]=>
  string(41) "http://countrypost.ru/syspay/showResultQW"
  ["REDIRECT_STATUS"]=>
  string(3) "200"
  ["HTTPS"]=>
  string(2) "on"
  ["SCRIPT_URL"]=>
  string(20) "/syspay/showResultQW"
  ["SCRIPT_URI"]=>
  string(41) "http://countrypost.ru/syspay/showResultQW"
  ["HTTP_HOST"]=>
  string(14) "countrypost.ru"
  ["HTTP_X_FORWARDED_FOR"]=>
  string(13) "91.232.231.34"
  ["HTTP_X_REAL_IP"]=>
  string(13) "91.232.231.34"
  ["HTTP_X_FORWARDED_HTTPS"]=>
  string(2) "on"
  ["HTTP_X_FORWARDED_PROTO"]=>
  string(5) "https"
  ["HTTP_CONNECTION"]=>
  string(5) "close"
  ["CONTENT_TYPE"]=>
  string(23) "text/xml; charset=UTF-8"
  ["HTTP_ACCEPT"]=>
  string(3) "*/*"
  ["HTTP_SOAPACTION"]=>
  string(2) """"
  ["HTTP_USER_AGENT"]=>
  string(16) "Apache CXF 2.6.1"
  ["HTTP_CACHE_CONTROL"]=>
  string(8) "no-cache"
  ["HTTP_PRAGMA"]=>
  string(8) "no-cache"
  ["CONTENT_LENGTH"]=>
  string(3) "294"
  ["SERVER_SIGNATURE"]=>
  string(0) ""
  ["SERVER_SOFTWARE"]=>
  string(6) "Apache"
  ["SERVER_NAME"]=>
  string(14) "countrypost.ru"
  ["SERVER_ADDR"]=>
  string(9) "127.0.0.1"
  ["SERVER_PORT"]=>
  string(2) "80"
  ["REMOTE_ADDR"]=>
  string(13) "91.232.231.34"
  ["DOCUMENT_ROOT"]=>
  string(29) "/home/countrypost/public_html"
  ["SERVER_ADMIN"]=>
  string(18) "[no address given]"
  ["REMOTE_PORT"]=>
  string(5) "36697"
  ["REDIRECT_QUERY_STRING"]=>
  string(19) "syspay/showResultQW"
  ["REDIRECT_URL"]=>
  string(20) "/syspay/showResultQW"
  ["GATEWAY_INTERFACE"]=>
  string(7) "CGI/1.1"
  ["SERVER_PROTOCOL"]=>
  string(8) "HTTP/1.0"
  ["REQUEST_METHOD"]=>
  string(4) "POST"
  ["QUERY_STRING"]=>
  string(19) "syspay/showResultQW"
  ["REQUEST_URI"]=>
  string(20) "/syspay/showResultQW"
  ["SCRIPT_NAME"]=>
  string(10) "/index.php"
  ["PHP_SELF"]=>
  string(10) "/index.php"
  ["REQUEST_TIME"]=>
  int(1374590058)
  ["argv"]=>
  array(1) {
    [0]=>
    string(19) "syspay/showResultQW"
  }
  ["argc"]=>
  int(1)
}
########################################


########### 23-07-2013 19:37 ###########
array(47) {
  ["PHPRC"]=>
  string(38) "/home/countrypost/fcgi-bin/../etc/php5"
  ["SCRIPT_FILENAME"]=>
  string(39) "/home/countrypost/public_html/index.php"
  ["PATH"]=>
  string(28) "/usr/local/bin:/usr/bin:/bin"
  ["PWD"]=>
  string(26) "/home/countrypost/fcgi-bin"
  ["SHLVL"]=>
  string(1) "0"
  ["FCGI_ROLE"]=>
  string(9) "RESPONDER"
  ["REDIRECT_HTTPS"]=>
  string(2) "on"
  ["REDIRECT_SCRIPT_URL"]=>
  string(20) "/syspay/showResultQW"
  ["REDIRECT_SCRIPT_URI"]=>
  string(41) "http://countrypost.ru/syspay/showResultQW"
  ["REDIRECT_STATUS"]=>
  string(3) "200"
  ["HTTPS"]=>
  string(2) "on"
  ["SCRIPT_URL"]=>
  string(20) "/syspay/showResultQW"
  ["SCRIPT_URI"]=>
  string(41) "http://countrypost.ru/syspay/showResultQW"
  ["HTTP_HOST"]=>
  string(14) "countrypost.ru"
  ["HTTP_X_FORWARDED_FOR"]=>
  string(13) "91.232.231.51"
  ["HTTP_X_REAL_IP"]=>
  string(13) "91.232.231.51"
  ["HTTP_X_FORWARDED_HTTPS"]=>
  string(2) "on"
  ["HTTP_X_FORWARDED_PROTO"]=>
  string(5) "https"
  ["HTTP_CONNECTION"]=>
  string(5) "close"
  ["CONTENT_TYPE"]=>
  string(23) "text/xml; charset=UTF-8"
  ["HTTP_ACCEPT"]=>
  string(3) "*/*"
  ["HTTP_SOAPACTION"]=>
  string(2) """"
  ["HTTP_USER_AGENT"]=>
  string(16) "Apache CXF 2.6.1"
  ["HTTP_CACHE_CONTROL"]=>
  string(8) "no-cache"
  ["HTTP_PRAGMA"]=>
  string(8) "no-cache"
  ["CONTENT_LENGTH"]=>
  string(3) "295"
  ["SERVER_SIGNATURE"]=>
  string(0) ""
  ["SERVER_SOFTWARE"]=>
  string(6) "Apache"
  ["SERVER_NAME"]=>
  string(14) "countrypost.ru"
  ["SERVER_ADDR"]=>
  string(9) "127.0.0.1"
  ["SERVER_PORT"]=>
  string(2) "80"
  ["REMOTE_ADDR"]=>
  string(13) "91.232.231.51"
  ["DOCUMENT_ROOT"]=>
  string(29) "/home/countrypost/public_html"
  ["SERVER_ADMIN"]=>
  string(18) "[no address given]"
  ["REMOTE_PORT"]=>
  string(5) "36934"
  ["REDIRECT_QUERY_STRING"]=>
  string(19) "syspay/showResultQW"
  ["REDIRECT_URL"]=>
  string(20) "/syspay/showResultQW"
  ["GATEWAY_INTERFACE"]=>
  string(7) "CGI/1.1"
  ["SERVER_PROTOCOL"]=>
  string(8) "HTTP/1.0"
  ["REQUEST_METHOD"]=>
  string(4) "POST"
  ["QUERY_STRING"]=>
  string(19) "syspay/showResultQW"
  ["REQUEST_URI"]=>
  string(20) "/syspay/showResultQW"
  ["SCRIPT_NAME"]=>
  string(10) "/index.php"
  ["PHP_SELF"]=>
  string(10) "/index.php"
  ["REQUEST_TIME"]=>
  int(1374593848)
  ["argv"]=>
  array(1) {
    [0]=>
    string(19) "syspay/showResultQW"
  }
  ["argc"]=>
  int(1)
}
########################################


########### 23-07-2013 19:37 ###########
array(47) {
  ["PHPRC"]=>
  string(38) "/home/countrypost/fcgi-bin/../etc/php5"
  ["SCRIPT_FILENAME"]=>
  string(39) "/home/countrypost/public_html/index.php"
  ["PATH"]=>
  string(28) "/usr/local/bin:/usr/bin:/bin"
  ["PWD"]=>
  string(26) "/home/countrypost/fcgi-bin"
  ["SHLVL"]=>
  string(1) "0"
  ["FCGI_ROLE"]=>
  string(9) "RESPONDER"
  ["REDIRECT_HTTPS"]=>
  string(2) "on"
  ["REDIRECT_SCRIPT_URL"]=>
  string(20) "/syspay/showResultQW"
  ["REDIRECT_SCRIPT_URI"]=>
  string(41) "http://countrypost.ru/syspay/showResultQW"
  ["REDIRECT_STATUS"]=>
  string(3) "200"
  ["HTTPS"]=>
  string(2) "on"
  ["SCRIPT_URL"]=>
  string(20) "/syspay/showResultQW"
  ["SCRIPT_URI"]=>
  string(41) "http://countrypost.ru/syspay/showResultQW"
  ["HTTP_HOST"]=>
  string(14) "countrypost.ru"
  ["HTTP_X_FORWARDED_FOR"]=>
  string(13) "91.232.231.51"
  ["HTTP_X_REAL_IP"]=>
  string(13) "91.232.231.51"
  ["HTTP_X_FORWARDED_HTTPS"]=>
  string(2) "on"
  ["HTTP_X_FORWARDED_PROTO"]=>
  string(5) "https"
  ["HTTP_CONNECTION"]=>
  string(5) "close"
  ["CONTENT_TYPE"]=>
  string(23) "text/xml; charset=UTF-8"
  ["HTTP_ACCEPT"]=>
  string(3) "*/*"
  ["HTTP_SOAPACTION"]=>
  string(2) """"
  ["HTTP_USER_AGENT"]=>
  string(16) "Apache CXF 2.6.1"
  ["HTTP_CACHE_CONTROL"]=>
  string(8) "no-cache"
  ["HTTP_PRAGMA"]=>
  string(8) "no-cache"
  ["CONTENT_LENGTH"]=>
  string(3) "295"
  ["SERVER_SIGNATURE"]=>
  string(0) ""
  ["SERVER_SOFTWARE"]=>
  string(6) "Apache"
  ["SERVER_NAME"]=>
  string(14) "countrypost.ru"
  ["SERVER_ADDR"]=>
  string(9) "127.0.0.1"
  ["SERVER_PORT"]=>
  string(2) "80"
  ["REMOTE_ADDR"]=>
  string(13) "91.232.231.51"
  ["DOCUMENT_ROOT"]=>
  string(29) "/home/countrypost/public_html"
  ["SERVER_ADMIN"]=>
  string(18) "[no address given]"
  ["REMOTE_PORT"]=>
  string(5) "36934"
  ["REDIRECT_QUERY_STRING"]=>
  string(19) "syspay/showResultQW"
  ["REDIRECT_URL"]=>
  string(20) "/syspay/showResultQW"
  ["GATEWAY_INTERFACE"]=>
  string(7) "CGI/1.1"
  ["SERVER_PROTOCOL"]=>
  string(8) "HTTP/1.0"
  ["REQUEST_METHOD"]=>
  string(4) "POST"
  ["QUERY_STRING"]=>
  string(19) "syspay/showResultQW"
  ["REQUEST_URI"]=>
  string(20) "/syspay/showResultQW"
  ["SCRIPT_NAME"]=>
  string(10) "/index.php"
  ["PHP_SELF"]=>
  string(10) "/index.php"
  ["REQUEST_TIME"]=>
  int(1374593848)
  ["argv"]=>
  array(1) {
    [0]=>
    string(19) "syspay/showResultQW"
  }
  ["argc"]=>
  int(1)
}
########################################


