########### 09-07-2013 23:10 ###########
Status:Fail! (Invalid signum! [<==>A6B6C02901ADCF865B596313C2391D50])
########################################


########### 09-07-2013 23:11 ###########
Status:Fail! (Invalid signum! [<==>A6B6C02901ADCF865B596313C2391D50])
########################################


########### 09-07-2013 23:13 ###########
Status:Fail! (Invalid signum! [<==>A6B6C02901ADCF865B596313C2391D50])
########################################


########### 09-07-2013 23:14 ###########
Status:Fail! (Invalid signum! [<==>A6B6C02901ADCF865B596313C2391D50])
########################################


########### 09-07-2013 23:20 ###########
out_summ		=> 6.000000
OutSum		=> 6.000000
inv_id		=> 1373397596
InvId		=> 1373397596
crc		=> 82C9EDB7942F1D3FF677542E059A2E0A
SignatureValue		=> 82C9EDB7942F1D3FF677542E059A2E0A
PaymentMethod		=> Qiwi
IncSum		=> 6.440000
IncCurrLabel		=> Qiwi29OceanR
ShpAmount		=> 1
ShpComment		=> 18
ShpTax		=> 0
ShpUser		=> 4
Status:OK1373397596
########################################


