########### 19-04-2013 13:22 ###########
out_summ		=> 2441.000000
OutSum		=> 2441.000000
inv_id		=> 1366364710
InvId		=> 1366364710
crc		=> 00FDB0B66983510813AB9648B46A1819
SignatureValue		=> 00FDB0B66983510813AB9648B46A1819
PaymentMethod		=> OceanBank
IncSum		=> 2596.810000
IncCurrLabel		=> BANKOCEAN2R
ShpAmount		=> 76
ShpComment		=> 
ShpTax		=> 1.368
ShpUser		=> 1496
Status:Fail! (Заказ не найден.)
########################################


########### 19-04-2013 13:23 ###########
out_summ		=> 2441.000000
OutSum		=> 2441.000000
inv_id		=> 1366364710
InvId		=> 1366364710
crc		=> 00FDB0B66983510813AB9648B46A1819
SignatureValue		=> 00FDB0B66983510813AB9648B46A1819
PaymentMethod		=> OceanBank
IncSum		=> 2596.810000
IncCurrLabel		=> BANKOCEAN2R
ShpAmount		=> 76
ShpComment		=> 
ShpTax		=> 1.368
ShpUser		=> 1496
Status:Fail! (Заказ не найден.)
########################################


########### 19-04-2013 13:24 ###########
out_summ		=> 2441.000000
OutSum		=> 2441.000000
inv_id		=> 1366364710
InvId		=> 1366364710
crc		=> 00FDB0B66983510813AB9648B46A1819
SignatureValue		=> 00FDB0B66983510813AB9648B46A1819
PaymentMethod		=> OceanBank
IncSum		=> 2596.810000
IncCurrLabel		=> BANKOCEAN2R
ShpAmount		=> 76
ShpComment		=> 
ShpTax		=> 1.368
ShpUser		=> 1496
Status:Fail! (Заказ не найден.)
########################################


########### 19-04-2013 13:25 ###########
out_summ		=> 2441.000000
OutSum		=> 2441.000000
inv_id		=> 1366364710
InvId		=> 1366364710
crc		=> 00FDB0B66983510813AB9648B46A1819
SignatureValue		=> 00FDB0B66983510813AB9648B46A1819
PaymentMethod		=> OceanBank
IncSum		=> 2596.810000
IncCurrLabel		=> BANKOCEAN2R
ShpAmount		=> 76
ShpComment		=> 
ShpTax		=> 1.368
ShpUser		=> 1496
Status:Fail! (Заказ не найден.)
########################################


