########### 28-04-2013 01:20 ###########
out_summ		=> 2629.000000
OutSum		=> 2629.000000
inv_id		=> 1367098090
InvId		=> 1367098090
crc		=> 9FCD02208F41DD87CD8944E2CA750684
SignatureValue		=> 9FCD02208F41DD87CD8944E2CA750684
PaymentMethod		=> OceanBank
IncSum		=> 2796.810000
IncCurrLabel		=> BANKOCEAN2R
ShpAmount		=> 80
ShpComment		=> 
ShpTax		=> 1.44
ShpUser		=> 671
Status:Fail! (Заказ не найден.)
########################################


########### 28-04-2013 01:21 ###########
out_summ		=> 2629.000000
OutSum		=> 2629.000000
inv_id		=> 1367098090
InvId		=> 1367098090
crc		=> 9FCD02208F41DD87CD8944E2CA750684
SignatureValue		=> 9FCD02208F41DD87CD8944E2CA750684
PaymentMethod		=> OceanBank
IncSum		=> 2796.810000
IncCurrLabel		=> BANKOCEAN2R
ShpAmount		=> 80
ShpComment		=> 
ShpTax		=> 1.44
ShpUser		=> 671
Status:Fail! (Заказ не найден.)
########################################


########### 28-04-2013 01:22 ###########
out_summ		=> 2629.000000
OutSum		=> 2629.000000
inv_id		=> 1367098090
InvId		=> 1367098090
crc		=> 9FCD02208F41DD87CD8944E2CA750684
SignatureValue		=> 9FCD02208F41DD87CD8944E2CA750684
PaymentMethod		=> OceanBank
IncSum		=> 2796.810000
IncCurrLabel		=> BANKOCEAN2R
ShpAmount		=> 80
ShpComment		=> 
ShpTax		=> 1.44
ShpUser		=> 671
Status:Fail! (Заказ не найден.)
########################################


########### 28-04-2013 01:23 ###########
out_summ		=> 2629.000000
OutSum		=> 2629.000000
inv_id		=> 1367098090
InvId		=> 1367098090
crc		=> 9FCD02208F41DD87CD8944E2CA750684
SignatureValue		=> 9FCD02208F41DD87CD8944E2CA750684
PaymentMethod		=> OceanBank
IncSum		=> 2796.810000
IncCurrLabel		=> BANKOCEAN2R
ShpAmount		=> 80
ShpComment		=> 
ShpTax		=> 1.44
ShpUser		=> 671
Status:Fail! (Заказ не найден.)
########################################


