########### 11-04-2013 00:55 ###########
LMI_MODE		=> 0
LMI_PAYMENT_AMOUNT		=> 3.00
LMI_PAYEE_PURSE		=> R335456041886
LMI_PAYMENT_NO		=> 1365627283
LMI_PAYER_WM		=> 389640337486
LMI_PAYER_PURSE		=> R325627881179
LMI_SYS_INVS_NO		=> 372637178
LMI_SYS_TRANS_NO		=> 850191620
LMI_SYS_TRANS_DATE		=> 20130411 00:55:13
LMI_HASH		=> E3905EB978B0704B5D5EA28CEC99356A
LMI_PAYMENT_DESC		=> Order: 15. Payment: 3 RUB. User: 4
LMI_LANG		=> ru-RU
LMI_DBLCHK		=> SMS
User_amount		=> 
User_id		=> 4
User_comment		=> 
User_tax		=> 0
order		=> 15
########################################


########### 11-04-2013 00:55 ###########
LMI_MODE		=> 0
LMI_PAYMENT_AMOUNT		=> 3.00
LMI_PAYEE_PURSE		=> R335456041886
LMI_PAYMENT_NO		=> 1365627283
LMI_PAYER_WM		=> 389640337486
LMI_PAYER_PURSE		=> R325627881179
LMI_SYS_INVS_NO		=> 372637178
LMI_SYS_TRANS_NO		=> 850191620
LMI_SYS_TRANS_DATE		=> 20130411 00:55:13
LMI_HASH		=> E3905EB978B0704B5D5EA28CEC99356A
LMI_PAYMENT_DESC		=> Order: 15. Payment: 3 RUB. User: 4
LMI_LANG		=> ru-RU
LMI_DBLCHK		=> SMS
User_amount		=> 
User_id		=> 4
User_comment		=> 
User_tax		=> 0
order		=> 15
########################################


########### 11-04-2013 01:29 ###########
LMI_MODE		=> 0
LMI_PAYMENT_AMOUNT		=> 2.00
LMI_PAYEE_PURSE		=> R335456041886
LMI_PAYMENT_NO		=> 1365629341
LMI_PAYER_WM		=> 389640337486
LMI_PAYER_PURSE		=> R325627881179
LMI_SYS_INVS_NO		=> 372641138
LMI_SYS_TRANS_NO		=> 850199525
LMI_SYS_TRANS_DATE		=> 20130411 01:29:36
LMI_HASH		=> ABAF271A4EDE3818F92A2859983144C5
LMI_PAYMENT_DESC		=> Order: 15. Payment: 2 RUB. User: 4
LMI_LANG		=> ru-RU
LMI_DBLCHK		=> SMS
User_amount		=> 
User_id		=> 4
User_comment		=> 
User_tax		=> 0
order		=> 15
########################################


########### 11-04-2013 01:29 ###########
LMI_MODE		=> 0
LMI_PAYMENT_AMOUNT		=> 2.00
LMI_PAYEE_PURSE		=> R335456041886
LMI_PAYMENT_NO		=> 1365629341
LMI_PAYER_WM		=> 389640337486
LMI_PAYER_PURSE		=> R325627881179
LMI_SYS_INVS_NO		=> 372641138
LMI_SYS_TRANS_NO		=> 850199525
LMI_SYS_TRANS_DATE		=> 20130411 01:29:36
LMI_HASH		=> ABAF271A4EDE3818F92A2859983144C5
LMI_PAYMENT_DESC		=> Order: 15. Payment: 2 RUB. User: 4
LMI_LANG		=> ru-RU
LMI_DBLCHK		=> SMS
User_amount		=> 
User_id		=> 4
User_comment		=> 
User_tax		=> 0
order		=> 15
########################################


