########### 16-04-2013 18:30 ###########
LMI_MODE		=> 0
LMI_PAYMENT_AMOUNT		=> 6.00
LMI_PAYEE_PURSE		=> R335456041886
LMI_PAYMENT_NO		=> 1366122475
LMI_PAYER_WM		=> 389640337486
LMI_PAYER_PURSE		=> R325627881179
LMI_SYS_INVS_NO		=> 374065654
LMI_SYS_TRANS_NO		=> 852954666
LMI_SYS_TRANS_DATE		=> 20130416 18:30:11
LMI_HASH		=> CAA06485E31CCBA744E97C85283E5FB0
LMI_PAYMENT_DESC		=> Order: 19. Payment: 6 RUB. User: 4
LMI_LANG		=> ru-RU
LMI_DBLCHK		=> SMS
User_amount		=> 
User_id		=> 4
User_comment		=> 
User_tax		=> 0
order		=> 19
########################################


########### 16-04-2013 18:30 ###########
LMI_MODE		=> 0
LMI_PAYMENT_AMOUNT		=> 6.00
LMI_PAYEE_PURSE		=> R335456041886
LMI_PAYMENT_NO		=> 1366122475
LMI_PAYER_WM		=> 389640337486
LMI_PAYER_PURSE		=> R325627881179
LMI_SYS_INVS_NO		=> 374065654
LMI_SYS_TRANS_NO		=> 852954666
LMI_SYS_TRANS_DATE		=> 20130416 18:30:11
LMI_HASH		=> CAA06485E31CCBA744E97C85283E5FB0
LMI_PAYMENT_DESC		=> Order: 19. Payment: 6 RUB. User: 4
LMI_LANG		=> ru-RU
LMI_DBLCHK		=> SMS
User_amount		=> 
User_id		=> 4
User_comment		=> 
User_tax		=> 0
order		=> 19
########################################


########### 16-04-2013 21:05 ###########
LMI_MODE		=> 0
LMI_PAYMENT_AMOUNT		=> 6.00
LMI_PAYEE_PURSE		=> R335456041886
LMI_PAYMENT_NO		=> 1366131868
LMI_PAYER_WM		=> 389640337486
LMI_PAYER_PURSE		=> R325627881179
LMI_SYS_INVS_NO		=> 374110659
LMI_SYS_TRANS_NO		=> 853038915
LMI_SYS_TRANS_DATE		=> 20130416 21:05:32
LMI_HASH		=> A1E743C1A93A0ECDA758FAAB023DCA38
LMI_PAYMENT_DESC		=> Order: 19. Payment: 6 RUB. User: 4
LMI_LANG		=> ru-RU
LMI_DBLCHK		=> SMS
User_amount		=> 
User_id		=> 4
User_comment		=> 
User_tax		=> 0
order		=> 19
########################################


########### 16-04-2013 21:05 ###########
LMI_MODE		=> 0
LMI_PAYMENT_AMOUNT		=> 6.00
LMI_PAYEE_PURSE		=> R335456041886
LMI_PAYMENT_NO		=> 1366131868
LMI_PAYER_WM		=> 389640337486
LMI_PAYER_PURSE		=> R325627881179
LMI_SYS_INVS_NO		=> 374110659
LMI_SYS_TRANS_NO		=> 853038915
LMI_SYS_TRANS_DATE		=> 20130416 21:05:32
LMI_HASH		=> A1E743C1A93A0ECDA758FAAB023DCA38
LMI_PAYMENT_DESC		=> Order: 19. Payment: 6 RUB. User: 4
LMI_LANG		=> ru-RU
LMI_DBLCHK		=> SMS
User_amount		=> 
User_id		=> 4
User_comment		=> 
User_tax		=> 0
order		=> 19
########################################


