########### 11-12-2013 16:43 ###########
LMI_MODE		=> 0
LMI_PAYMENT_AMOUNT		=> 6.00
LMI_PAYEE_PURSE		=> R335456041886
LMI_PAYMENT_NO		=> 1386765774
LMI_PAYER_WM		=> 389640337486
LMI_PAYER_PURSE		=> R325627881179
LMI_SYS_INVS_NO		=> 431089200
LMI_SYS_TRANS_NO		=> 962813741
LMI_SYS_TRANS_DATE		=> 20131211 16:43:24
LMI_HASH		=> F8E1E7371A930EE171FA9A08A5EED155
LMI_PAYMENT_DESC		=> Order: 298. Payment: 6 RUB. User: 4
LMI_LANG		=> ru-RU
LMI_DBLCHK		=> SMS
User_amount		=> 
User_id		=> 4
User_comment		=> 1
User_tax		=> 0
order		=> 298
########################################


########### 11-12-2013 16:43 ###########
LMI_MODE		=> 0
LMI_PAYMENT_AMOUNT		=> 6.00
LMI_PAYEE_PURSE		=> R335456041886
LMI_PAYMENT_NO		=> 1386765774
LMI_PAYER_WM		=> 389640337486
LMI_PAYER_PURSE		=> R325627881179
LMI_SYS_INVS_NO		=> 431089200
LMI_SYS_TRANS_NO		=> 962813741
LMI_SYS_TRANS_DATE		=> 20131211 16:43:24
LMI_HASH		=> F8E1E7371A930EE171FA9A08A5EED155
LMI_PAYMENT_DESC		=> Order: 298. Payment: 6 RUB. User: 4
LMI_LANG		=> ru-RU
LMI_DBLCHK		=> SMS
User_amount		=> 
User_id		=> 4
User_comment		=> 1
User_tax		=> 0
order		=> 298
########################################


