########### 18-04-2013 22:16 ###########
LMI_MODE		=> 0
LMI_PAYMENT_AMOUNT		=> 6.00
LMI_PAYEE_PURSE		=> R335456041886
LMI_PAYMENT_NO		=> 1366308937
LMI_PAYER_WM		=> 389640337486
LMI_PAYER_PURSE		=> R325627881179
LMI_SYS_INVS_NO		=> 374635876
LMI_SYS_TRANS_NO		=> 854065761
LMI_SYS_TRANS_DATE		=> 20130418 22:16:49
LMI_HASH		=> D252C178593288D93F07DC97D9578D60
LMI_PAYMENT_DESC		=> Order: 19. Payment: 6 RUB. User: 4
LMI_LANG		=> ru-RU
LMI_DBLCHK		=> SMS
User_amount		=> 
User_id		=> 4
User_comment		=> 1
User_tax		=> 0
order		=> 19
########################################


########### 18-04-2013 22:16 ###########
LMI_MODE		=> 0
LMI_PAYMENT_AMOUNT		=> 6.00
LMI_PAYEE_PURSE		=> R335456041886
LMI_PAYMENT_NO		=> 1366308937
LMI_PAYER_WM		=> 389640337486
LMI_PAYER_PURSE		=> R325627881179
LMI_SYS_INVS_NO		=> 374635876
LMI_SYS_TRANS_NO		=> 854065761
LMI_SYS_TRANS_DATE		=> 20130418 22:16:49
LMI_HASH		=> D252C178593288D93F07DC97D9578D60
LMI_PAYMENT_DESC		=> Order: 19. Payment: 6 RUB. User: 4
LMI_LANG		=> ru-RU
LMI_DBLCHK		=> SMS
User_amount		=> 
User_id		=> 4
User_comment		=> 1
User_tax		=> 0
order		=> 19
########################################


########### 18-04-2013 22:40 ###########
LMI_MODE		=> 0
LMI_PAYMENT_AMOUNT		=> 6.00
LMI_PAYEE_PURSE		=> R335456041886
LMI_PAYMENT_NO		=> 1366310391
LMI_PAYER_WM		=> 389640337486
LMI_PAYER_PURSE		=> R325627881179
LMI_SYS_INVS_NO		=> 374641849
LMI_SYS_TRANS_NO		=> 854077347
LMI_SYS_TRANS_DATE		=> 20130418 22:40:52
LMI_HASH		=> 78AE7AF42256AD72E8B8D42FC56AFD81
LMI_PAYMENT_DESC		=> Order: 19. Payment: 6 RUB. User: 4
LMI_LANG		=> ru-RU
LMI_DBLCHK		=> SMS
User_amount		=> 
User_id		=> 4
User_comment		=> 1
User_tax		=> 0
order		=> 19
########################################


########### 18-04-2013 22:40 ###########
LMI_MODE		=> 0
LMI_PAYMENT_AMOUNT		=> 6.00
LMI_PAYEE_PURSE		=> R335456041886
LMI_PAYMENT_NO		=> 1366310391
LMI_PAYER_WM		=> 389640337486
LMI_PAYER_PURSE		=> R325627881179
LMI_SYS_INVS_NO		=> 374641849
LMI_SYS_TRANS_NO		=> 854077347
LMI_SYS_TRANS_DATE		=> 20130418 22:40:52
LMI_HASH		=> 78AE7AF42256AD72E8B8D42FC56AFD81
LMI_PAYMENT_DESC		=> Order: 19. Payment: 6 RUB. User: 4
LMI_LANG		=> ru-RU
LMI_DBLCHK		=> SMS
User_amount		=> 
User_id		=> 4
User_comment		=> 1
User_tax		=> 0
order		=> 19
########################################


########### 18-04-2013 22:51 ###########
LMI_MODE		=> 0
LMI_PAYMENT_AMOUNT		=> 6.00
LMI_PAYEE_PURSE		=> R335456041886
LMI_PAYMENT_NO		=> 1366311036
LMI_PAYER_WM		=> 389640337486
LMI_PAYER_PURSE		=> R325627881179
LMI_SYS_INVS_NO		=> 374644174
LMI_SYS_TRANS_NO		=> 854081719
LMI_SYS_TRANS_DATE		=> 20130418 22:51:08
LMI_HASH		=> 2B55832A41B6742019CCBA5ADCD16B0E
LMI_PAYMENT_DESC		=> Order: 19. Payment: 6 RUB. User: 4
LMI_LANG		=> ru-RU
LMI_DBLCHK		=> SMS
User_amount		=> 
User_id		=> 4
User_comment		=> 1
User_tax		=> 0
order		=> 19
########################################


########### 18-04-2013 22:51 ###########
LMI_MODE		=> 0
LMI_PAYMENT_AMOUNT		=> 6.00
LMI_PAYEE_PURSE		=> R335456041886
LMI_PAYMENT_NO		=> 1366311036
LMI_PAYER_WM		=> 389640337486
LMI_PAYER_PURSE		=> R325627881179
LMI_SYS_INVS_NO		=> 374644174
LMI_SYS_TRANS_NO		=> 854081719
LMI_SYS_TRANS_DATE		=> 20130418 22:51:08
LMI_HASH		=> 2B55832A41B6742019CCBA5ADCD16B0E
LMI_PAYMENT_DESC		=> Order: 19. Payment: 6 RUB. User: 4
LMI_LANG		=> ru-RU
LMI_DBLCHK		=> SMS
User_amount		=> 
User_id		=> 4
User_comment		=> 1
User_tax		=> 0
order		=> 19
########################################


