########### 19-04-2013 19:38 ###########
LMI_MODE		=> 0
LMI_PAYMENT_AMOUNT		=> 6.00
LMI_PAYEE_PURSE		=> R335456041886
LMI_PAYMENT_NO		=> 1366385850
LMI_PAYER_WM		=> 389640337486
LMI_PAYER_PURSE		=> R325627881179
LMI_SYS_INVS_NO		=> 374845687
LMI_SYS_TRANS_NO		=> 854475196
LMI_SYS_TRANS_DATE		=> 20130419 19:38:42
LMI_HASH		=> 5A9CB67E0C34E4D2CBE6AC70B9DCC975
LMI_PAYMENT_DESC		=> Order: 19. Payment: 6 RUB. User: 4
LMI_LANG		=> ru-RU
LMI_DBLCHK		=> SMS
User_amount		=> 
User_id		=> 4
User_comment		=> 1
User_tax		=> 0
order		=> 19
########################################


########### 19-04-2013 19:38 ###########
LMI_MODE		=> 0
LMI_PAYMENT_AMOUNT		=> 6.00
LMI_PAYEE_PURSE		=> R335456041886
LMI_PAYMENT_NO		=> 1366385850
LMI_PAYER_WM		=> 389640337486
LMI_PAYER_PURSE		=> R325627881179
LMI_SYS_INVS_NO		=> 374845687
LMI_SYS_TRANS_NO		=> 854475196
LMI_SYS_TRANS_DATE		=> 20130419 19:38:42
LMI_HASH		=> 5A9CB67E0C34E4D2CBE6AC70B9DCC975
LMI_PAYMENT_DESC		=> Order: 19. Payment: 6 RUB. User: 4
LMI_LANG		=> ru-RU
LMI_DBLCHK		=> SMS
User_amount		=> 
User_id		=> 4
User_comment		=> 1
User_tax		=> 0
order		=> 19
########################################


########### 19-04-2013 20:34 ###########
LMI_MODE		=> 0
LMI_PAYMENT_AMOUNT		=> 6.00
LMI_PAYEE_PURSE		=> R335456041886
LMI_PAYMENT_NO		=> 1366389123
LMI_PAYER_WM		=> 389640337486
LMI_PAYER_PURSE		=> R325627881179
LMI_SYS_INVS_NO		=> 374861067
LMI_SYS_TRANS_NO		=> 854503615
LMI_SYS_TRANS_DATE		=> 20130419 20:34:38
LMI_HASH		=> 880E808DA398AEC374BE5192975DA1A3
LMI_PAYMENT_DESC		=> Order: 19. Payment: 6 RUB. User: 4
LMI_LANG		=> ru-RU
LMI_DBLCHK		=> SMS
User_amount		=> 
User_id		=> 4
User_comment		=> 1
User_tax		=> 0
order		=> 19
########################################


########### 19-04-2013 20:34 ###########
LMI_MODE		=> 0
LMI_PAYMENT_AMOUNT		=> 6.00
LMI_PAYEE_PURSE		=> R335456041886
LMI_PAYMENT_NO		=> 1366389123
LMI_PAYER_WM		=> 389640337486
LMI_PAYER_PURSE		=> R325627881179
LMI_SYS_INVS_NO		=> 374861067
LMI_SYS_TRANS_NO		=> 854503615
LMI_SYS_TRANS_DATE		=> 20130419 20:34:38
LMI_HASH		=> 880E808DA398AEC374BE5192975DA1A3
LMI_PAYMENT_DESC		=> Order: 19. Payment: 6 RUB. User: 4
LMI_LANG		=> ru-RU
LMI_DBLCHK		=> SMS
User_amount		=> 
User_id		=> 4
User_comment		=> 1
User_tax		=> 0
order		=> 19
########################################


