########### 23-10-2013 20:52 ###########
LMI_MODE		=> 0
LMI_PAYMENT_AMOUNT		=> 13590.00
LMI_PAYEE_PURSE		=> R335456041886
LMI_PAYMENT_NO		=> 1382547745
LMI_PAYER_WM		=> 165738859505
LMI_PAYER_PURSE		=> R265546628337
LMI_SYS_INVS_NO		=> 418397194
LMI_SYS_TRANS_NO		=> 938190137
LMI_SYS_TRANS_DATE		=> 20131023 20:52:43
LMI_HASH		=> D334BC7FEAB39545F2D46A7457B57FA7
LMI_PAYMENT_DESC		=> Order: 1024. Payment: 13590 RUB. User: 599
LMI_LANG		=> ru-RU
User_amount		=> 
User_id		=> 599
User_comment		=> 2484
User_tax		=> 0
order		=> 1024
########################################


########### 23-10-2013 20:52 ###########
LMI_MODE		=> 0
LMI_PAYMENT_AMOUNT		=> 13590.00
LMI_PAYEE_PURSE		=> R335456041886
LMI_PAYMENT_NO		=> 1382547745
LMI_PAYER_WM		=> 165738859505
LMI_PAYER_PURSE		=> R265546628337
LMI_SYS_INVS_NO		=> 418397194
LMI_SYS_TRANS_NO		=> 938190137
LMI_SYS_TRANS_DATE		=> 20131023 20:52:43
LMI_HASH		=> D334BC7FEAB39545F2D46A7457B57FA7
LMI_PAYMENT_DESC		=> Order: 1024. Payment: 13590 RUB. User: 599
LMI_LANG		=> ru-RU
User_amount		=> 
User_id		=> 599
User_comment		=> 2484
User_tax		=> 0
order		=> 1024
########################################


