########### 24-10-2013 17:19 ###########
LMI_MODE		=> 0
LMI_PAYMENT_AMOUNT		=> 5175.00
LMI_PAYEE_PURSE		=> R335456041886
LMI_PAYMENT_NO		=> 1382621360
LMI_PAYER_WM		=> 165738859505
LMI_PAYER_PURSE		=> R265546628337
LMI_SYS_INVS_NO		=> 418586943
LMI_SYS_TRANS_NO		=> 938561310
LMI_SYS_TRANS_DATE		=> 20131024 17:19:32
LMI_HASH		=> DDEB31FD8F1EF23C8E4BABB90D2CA281
LMI_PAYMENT_DESC		=> Order: 837. Payment: 5175 RUB. User: 599
LMI_LANG		=> ru-RU
User_amount		=> 
User_id		=> 599
User_comment		=> 948
User_tax		=> 0
order		=> 837
########################################


########### 24-10-2013 17:19 ###########
LMI_MODE		=> 0
LMI_PAYMENT_AMOUNT		=> 5175.00
LMI_PAYEE_PURSE		=> R335456041886
LMI_PAYMENT_NO		=> 1382621360
LMI_PAYER_WM		=> 165738859505
LMI_PAYER_PURSE		=> R265546628337
LMI_SYS_INVS_NO		=> 418586943
LMI_SYS_TRANS_NO		=> 938561310
LMI_SYS_TRANS_DATE		=> 20131024 17:19:32
LMI_HASH		=> DDEB31FD8F1EF23C8E4BABB90D2CA281
LMI_PAYMENT_DESC		=> Order: 837. Payment: 5175 RUB. User: 599
LMI_LANG		=> ru-RU
User_amount		=> 
User_id		=> 599
User_comment		=> 948
User_tax		=> 0
order		=> 837
########################################


