########### 27-04-2014 19:24 ###########
########################################


########### 27-04-2014 19:24 ###########
Status: FAIL! Не верная цифровая подпись!
SignStr:Z735510829657XFgw
CalcSign:C133C0EDE71FFEA502BC1A9D1AE21E40
RespSign:
########################################


########### 27-04-2014 19:24 ###########
LMI_MODE		=> 0
LMI_PAYMENT_AMOUNT		=> 543.00
LMI_PAYEE_PURSE		=> Z735510829657
LMI_PAYMENT_NO		=> 1398609157
LMI_PAYER_WM		=> 947906354513
LMI_PAYER_PURSE		=> Z396935486709
LMI_SYS_INVS_NO		=> 465742623
LMI_SYS_TRANS_NO		=> 1032262476
LMI_SYS_TRANS_DATE		=> 20140427 18:24:57
LMI_HASH		=> 3E95CC4B9948A6C92AFE6CF77F58F47A
LMI_PAYMENT_DESC		=> Order: 1337. Payment: 543 USD. User: 599
LMI_LANG		=> ru-RU
LMI_DBLCHK		=> ENUM
User_amount		=> 3241
User_id		=> 599
User_tax		=> 0
order		=> 1337
########################################


########### 27-04-2014 19:24 ###########
LMI_MODE		=> 0
LMI_PAYMENT_AMOUNT		=> 543.00
LMI_PAYEE_PURSE		=> Z735510829657
LMI_PAYMENT_NO		=> 1398609157
LMI_PAYER_WM		=> 947906354513
LMI_PAYER_PURSE		=> Z396935486709
LMI_SYS_INVS_NO		=> 465742623
LMI_SYS_TRANS_NO		=> 1032262476
LMI_SYS_TRANS_DATE		=> 20140427 18:24:57
LMI_HASH		=> 3E95CC4B9948A6C92AFE6CF77F58F47A
LMI_PAYMENT_DESC		=> Order: 1337. Payment: 543 USD. User: 599
LMI_LANG		=> ru-RU
LMI_DBLCHK		=> ENUM
User_amount		=> 3241
User_id		=> 599
User_tax		=> 0
order		=> 1337
########################################


