########### 18-04-2013 23:01 ###########
########################################


########### 18-04-2013 23:01 ###########
Status: FAIL! Не верная цифровая подпись!
SignStr:Z735510829657XFgw
CalcSign:C133C0EDE71FFEA502BC1A9D1AE21E40
RespSign:
########################################


########### 18-04-2013 23:01 ###########
LMI_MODE		=> 0
LMI_PAYMENT_AMOUNT		=> 1.00
LMI_PAYEE_PURSE		=> Z735510829657
LMI_PAYMENT_NO		=> 1366311668
LMI_PAYER_WM		=> 389640337486
LMI_PAYER_PURSE		=> Z379512490677
LMI_SYS_INVS_NO		=> 374646498
LMI_SYS_TRANS_NO		=> 854085994
LMI_SYS_TRANS_DATE		=> 20130418 23:01:45
LMI_HASH		=> 11E144F8F2EB5FBE0BC4CD0E73B80ED9
LMI_PAYMENT_DESC		=> Order: 19. Payment: 1 USD. User: 4
LMI_LANG		=> ru-RU
LMI_DBLCHK		=> SMS
User_amount		=> 
User_id		=> 4
User_tax		=> 0
order		=> 19
########################################


########### 18-04-2013 23:01 ###########
LMI_MODE		=> 0
LMI_PAYMENT_AMOUNT		=> 1.00
LMI_PAYEE_PURSE		=> Z735510829657
LMI_PAYMENT_NO		=> 1366311668
LMI_PAYER_WM		=> 389640337486
LMI_PAYER_PURSE		=> Z379512490677
LMI_SYS_INVS_NO		=> 374646498
LMI_SYS_TRANS_NO		=> 854085994
LMI_SYS_TRANS_DATE		=> 20130418 23:01:45
LMI_HASH		=> 11E144F8F2EB5FBE0BC4CD0E73B80ED9
LMI_PAYMENT_DESC		=> Order: 19. Payment: 1 USD. User: 4
LMI_LANG		=> ru-RU
LMI_DBLCHK		=> SMS
User_amount		=> 
User_id		=> 4
User_tax		=> 0
order		=> 19
########################################


