########### 23-05-2013 22:17 ###########
########################################


########### 23-05-2013 22:17 ###########
Status: FAIL! Не верная цифровая подпись!
SignStr:Z735510829657XFgw
CalcSign:C133C0EDE71FFEA502BC1A9D1AE21E40
RespSign:
########################################


########### 23-05-2013 22:17 ###########
LMI_MODE		=> 0
LMI_PAYMENT_AMOUNT		=> 484.00
LMI_PAYEE_PURSE		=> Z735510829657
LMI_PAYMENT_NO		=> 1369333655
LMI_PAYER_WM		=> 374810203970
LMI_PAYER_PURSE		=> Z285930972776
LMI_SYS_INVS_NO		=> 382953919
LMI_SYS_TRANS_NO		=> 870016251
LMI_SYS_TRANS_DATE		=> 20130523 22:17:50
LMI_HASH		=> E3F0085F62B1212D79734EDC54AE3B20
LMI_PAYMENT_DESC		=> Order: 12. Payment: 484 USD. User: 599
LMI_LANG		=> ru-RU
User_amount		=> 2845
User_id		=> 599
User_tax		=> 0
order		=> 12
########################################


########### 23-05-2013 22:17 ###########
LMI_MODE		=> 0
LMI_PAYMENT_AMOUNT		=> 484.00
LMI_PAYEE_PURSE		=> Z735510829657
LMI_PAYMENT_NO		=> 1369333655
LMI_PAYER_WM		=> 374810203970
LMI_PAYER_PURSE		=> Z285930972776
LMI_SYS_INVS_NO		=> 382953919
LMI_SYS_TRANS_NO		=> 870016251
LMI_SYS_TRANS_DATE		=> 20130523 22:17:50
LMI_HASH		=> E3F0085F62B1212D79734EDC54AE3B20
LMI_PAYMENT_DESC		=> Order: 12. Payment: 484 USD. User: 599
LMI_LANG		=> ru-RU
User_amount		=> 2845
User_id		=> 599
User_tax		=> 0
order		=> 12
########################################


