########### 08-12-2013 00:42 ###########
########################################


########### 08-12-2013 00:42 ###########
Status: FAIL! Не верная цифровая подпись!
SignStr:Z735510829657XFgw
CalcSign:C133C0EDE71FFEA502BC1A9D1AE21E40
RespSign:
########################################


########### 08-12-2013 00:42 ###########
LMI_MODE		=> 0
LMI_PAYMENT_AMOUNT		=> 275.00
LMI_PAYEE_PURSE		=> Z735510829657
LMI_PAYMENT_NO		=> 1386449523
LMI_PAYER_WM		=> 375062441843
LMI_PAYER_PURSE		=> Z243704458372
LMI_SYS_INVS_NO		=> 430201407
LMI_SYS_TRANS_NO		=> 960962608
LMI_SYS_TRANS_DATE		=> 20131208 00:42:43
LMI_HASH		=> 45B061084F1DE8B3ABDA8003F7EDDE8B
LMI_PAYMENT_DESC		=> Order: 1261. Payment: 275 USD. User: 599
LMI_LANG		=> ru-RU
LMI_DBLCHK		=> SMS
User_amount		=> 1605
User_id		=> 599
User_tax		=> 0
order		=> 1261
########################################


########### 08-12-2013 00:42 ###########
LMI_MODE		=> 0
LMI_PAYMENT_AMOUNT		=> 275.00
LMI_PAYEE_PURSE		=> Z735510829657
LMI_PAYMENT_NO		=> 1386449523
LMI_PAYER_WM		=> 375062441843
LMI_PAYER_PURSE		=> Z243704458372
LMI_SYS_INVS_NO		=> 430201407
LMI_SYS_TRANS_NO		=> 960962608
LMI_SYS_TRANS_DATE		=> 20131208 00:42:43
LMI_HASH		=> 45B061084F1DE8B3ABDA8003F7EDDE8B
LMI_PAYMENT_DESC		=> Order: 1261. Payment: 275 USD. User: 599
LMI_LANG		=> ru-RU
LMI_DBLCHK		=> SMS
User_amount		=> 1605
User_id		=> 599
User_tax		=> 0
order		=> 1261
########################################


