########### 15-01-2014 20:42 ###########
########################################


########### 15-01-2014 20:42 ###########
Status: FAIL! Не верная цифровая подпись!
SignStr:Z735510829657XFgw
CalcSign:C133C0EDE71FFEA502BC1A9D1AE21E40
RespSign:
########################################


########### 15-01-2014 20:42 ###########
LMI_MODE		=> 0
LMI_PAYMENT_AMOUNT		=> 23.00
LMI_PAYEE_PURSE		=> Z735510829657
LMI_PAYMENT_NO		=> 1389804703
LMI_PAYER_WM		=> 375062441843
LMI_PAYER_PURSE		=> Z243704458372
LMI_SYS_INVS_NO		=> 440266649
LMI_SYS_TRANS_NO		=> 981133691
LMI_SYS_TRANS_DATE		=> 20140115 20:42:33
LMI_HASH		=> B73A20A33F19B7C91FDA02394BC11A62
LMI_PAYMENT_DESC		=> Order: 1049. Payment: 23 USD. User: 599
LMI_LANG		=> ru-RU
LMI_DBLCHK		=> SMS
User_amount		=> 130
User_id		=> 599
User_tax		=> 0
order		=> 1049
########################################


########### 15-01-2014 20:42 ###########
LMI_MODE		=> 0
LMI_PAYMENT_AMOUNT		=> 23.00
LMI_PAYEE_PURSE		=> Z735510829657
LMI_PAYMENT_NO		=> 1389804703
LMI_PAYER_WM		=> 375062441843
LMI_PAYER_PURSE		=> Z243704458372
LMI_SYS_INVS_NO		=> 440266649
LMI_SYS_TRANS_NO		=> 981133691
LMI_SYS_TRANS_DATE		=> 20140115 20:42:33
LMI_HASH		=> B73A20A33F19B7C91FDA02394BC11A62
LMI_PAYMENT_DESC		=> Order: 1049. Payment: 23 USD. User: 599
LMI_LANG		=> ru-RU
LMI_DBLCHK		=> SMS
User_amount		=> 130
User_id		=> 599
User_tax		=> 0
order		=> 1049
########################################


