########### 28-01-2014 21:01 ###########
########################################


########### 28-01-2014 21:01 ###########
Status: FAIL! Не верная цифровая подпись!
SignStr:Z735510829657XFgw
CalcSign:C133C0EDE71FFEA502BC1A9D1AE21E40
RespSign:
########################################


########### 28-01-2014 21:01 ###########
LMI_MODE		=> 0
LMI_PAYMENT_AMOUNT		=> 66.00
LMI_PAYEE_PURSE		=> Z735510829657
LMI_PAYMENT_NO		=> 1390925405
LMI_PAYER_WM		=> 375062441843
LMI_PAYER_PURSE		=> Z243704458372
LMI_SYS_INVS_NO		=> 443558894
LMI_SYS_TRANS_NO		=> 987728228
LMI_SYS_TRANS_DATE		=> 20140128 20:01:03
LMI_HASH		=> CB0C2DE84C312E7E6CEC81172B11CA57
LMI_PAYMENT_DESC		=> Order: 1049. Payment: 66 USD. User: 599
LMI_LANG		=> ru-RU
LMI_DBLCHK		=> SMS
User_amount		=> 380
User_id		=> 599
User_tax		=> 0
order		=> 1049
########################################


########### 28-01-2014 21:01 ###########
LMI_MODE		=> 0
LMI_PAYMENT_AMOUNT		=> 66.00
LMI_PAYEE_PURSE		=> Z735510829657
LMI_PAYMENT_NO		=> 1390925405
LMI_PAYER_WM		=> 375062441843
LMI_PAYER_PURSE		=> Z243704458372
LMI_SYS_INVS_NO		=> 443558894
LMI_SYS_TRANS_NO		=> 987728228
LMI_SYS_TRANS_DATE		=> 20140128 20:01:03
LMI_HASH		=> CB0C2DE84C312E7E6CEC81172B11CA57
LMI_PAYMENT_DESC		=> Order: 1049. Payment: 66 USD. User: 599
LMI_LANG		=> ru-RU
LMI_DBLCHK		=> SMS
User_amount		=> 380
User_id		=> 599
User_tax		=> 0
order		=> 1049
########################################


