########### 20-08-2013 13:02 ###########
########################################


########### 20-08-2013 13:02 ###########
Status: FAIL! Не верная цифровая подпись!
SignStr:Z735510829657XFgw
CalcSign:C133C0EDE71FFEA502BC1A9D1AE21E40
RespSign:
########################################


########### 20-08-2013 13:02 ###########
LMI_MODE		=> 0
LMI_PAYMENT_AMOUNT		=> 119.00
LMI_PAYEE_PURSE		=> Z735510829657
LMI_PAYMENT_NO		=> 1376989795
LMI_PAYER_WM		=> 375062441843
LMI_PAYER_PURSE		=> Z243704458372
LMI_SYS_INVS_NO		=> 403026214
LMI_SYS_TRANS_NO		=> 908557563
LMI_SYS_TRANS_DATE		=> 20130820 13:02:57
LMI_HASH		=> 26618236C7208E05FF359D4BC461D48B
LMI_PAYMENT_DESC		=> Order: 864. Payment: 119 USD. User: 479
LMI_LANG		=> ru-RU
LMI_DBLCHK		=> SMS
User_amount		=> 698
User_id		=> 479
User_tax		=> 0
order		=> 864
########################################


########### 20-08-2013 13:02 ###########
LMI_MODE		=> 0
LMI_PAYMENT_AMOUNT		=> 119.00
LMI_PAYEE_PURSE		=> Z735510829657
LMI_PAYMENT_NO		=> 1376989795
LMI_PAYER_WM		=> 375062441843
LMI_PAYER_PURSE		=> Z243704458372
LMI_SYS_INVS_NO		=> 403026214
LMI_SYS_TRANS_NO		=> 908557563
LMI_SYS_TRANS_DATE		=> 20130820 13:02:57
LMI_HASH		=> 26618236C7208E05FF359D4BC461D48B
LMI_PAYMENT_DESC		=> Order: 864. Payment: 119 USD. User: 479
LMI_LANG		=> ru-RU
LMI_DBLCHK		=> SMS
User_amount		=> 698
User_id		=> 479
User_tax		=> 0
order		=> 864
########################################


