########### 02-10-2013 21:22 ###########
########################################


########### 02-10-2013 21:22 ###########
Status: FAIL! Не верная цифровая подпись!
SignStr:Z735510829657XFgw
CalcSign:C133C0EDE71FFEA502BC1A9D1AE21E40
RespSign:
########################################


########### 02-10-2013 21:22 ###########
LMI_MODE		=> 0
LMI_PAYMENT_AMOUNT		=> 491.00
LMI_PAYEE_PURSE		=> Z735510829657
LMI_PAYMENT_NO		=> 1380735157
LMI_PAYER_WM		=> 165738859505
LMI_PAYER_PURSE		=> Z319772413032
LMI_SYS_INVS_NO		=> 413210150
LMI_SYS_TRANS_NO		=> 928426791
LMI_SYS_TRANS_DATE		=> 20131002 21:22:54
LMI_HASH		=> 8DE7930FA8F69359128BD80BCEEC1F7F
LMI_PAYMENT_DESC		=> Order: 837. Payment: 491 USD. User: 599
LMI_LANG		=> ru-RU
User_amount		=> 2880
User_id		=> 599
User_tax		=> 0
order		=> 837
########################################


########### 02-10-2013 21:22 ###########
LMI_MODE		=> 0
LMI_PAYMENT_AMOUNT		=> 491.00
LMI_PAYEE_PURSE		=> Z735510829657
LMI_PAYMENT_NO		=> 1380735157
LMI_PAYER_WM		=> 165738859505
LMI_PAYER_PURSE		=> Z319772413032
LMI_SYS_INVS_NO		=> 413210150
LMI_SYS_TRANS_NO		=> 928426791
LMI_SYS_TRANS_DATE		=> 20131002 21:22:54
LMI_HASH		=> 8DE7930FA8F69359128BD80BCEEC1F7F
LMI_PAYMENT_DESC		=> Order: 837. Payment: 491 USD. User: 599
LMI_LANG		=> ru-RU
User_amount		=> 2880
User_id		=> 599
User_tax		=> 0
order		=> 837
########################################


