########### 03-11-2013 19:41 ###########
########################################


########### 03-11-2013 19:41 ###########
Status: FAIL! Не верная цифровая подпись!
SignStr:Z735510829657XFgw
CalcSign:C133C0EDE71FFEA502BC1A9D1AE21E40
RespSign:
########################################


########### 03-11-2013 19:41 ###########
LMI_MODE		=> 0
LMI_PAYMENT_AMOUNT		=> 177.00
LMI_PAYEE_PURSE		=> Z735510829657
LMI_PAYMENT_NO		=> 1383493797
LMI_PAYER_WM		=> 375062441843
LMI_PAYER_PURSE		=> Z243704458372
LMI_SYS_INVS_NO		=> 421220213
LMI_SYS_TRANS_NO		=> 943479912
LMI_SYS_TRANS_DATE		=> 20131103 19:41:46
LMI_HASH		=> C0867D738A0612A724A0F617C6EED5F6
LMI_PAYMENT_DESC		=> Order: 1024. Payment: 177 USD. User: 599
LMI_LANG		=> ru-RU
LMI_DBLCHK		=> SMS
User_amount		=> 1032
User_id		=> 599
User_tax		=> 0
order		=> 1024
########################################


########### 03-11-2013 19:41 ###########
LMI_MODE		=> 0
LMI_PAYMENT_AMOUNT		=> 177.00
LMI_PAYEE_PURSE		=> Z735510829657
LMI_PAYMENT_NO		=> 1383493797
LMI_PAYER_WM		=> 375062441843
LMI_PAYER_PURSE		=> Z243704458372
LMI_SYS_INVS_NO		=> 421220213
LMI_SYS_TRANS_NO		=> 943479912
LMI_SYS_TRANS_DATE		=> 20131103 19:41:46
LMI_HASH		=> C0867D738A0612A724A0F617C6EED5F6
LMI_PAYMENT_DESC		=> Order: 1024. Payment: 177 USD. User: 599
LMI_LANG		=> ru-RU
LMI_DBLCHK		=> SMS
User_amount		=> 1032
User_id		=> 599
User_tax		=> 0
order		=> 1024
########################################


