########### 06-01-2014 14:39 ###########
########################################


########### 06-01-2014 14:39 ###########
Status: FAIL! Не верная цифровая подпись!
SignStr:Z735510829657XFgw
CalcSign:C133C0EDE71FFEA502BC1A9D1AE21E40
RespSign:
########################################


########### 06-01-2014 14:39 ###########
LMI_MODE		=> 0
LMI_PAYMENT_AMOUNT		=> 347.00
LMI_PAYEE_PURSE		=> Z735510829657
LMI_PAYMENT_NO		=> 1389005313
LMI_PAYER_WM		=> 375062441843
LMI_PAYER_PURSE		=> Z243704458372
LMI_SYS_INVS_NO		=> 437934124
LMI_SYS_TRANS_NO		=> 976346556
LMI_SYS_TRANS_DATE		=> 20140106 14:39:17
LMI_HASH		=> E22BEFD77DCD05920F60BE76538475D6
LMI_PAYMENT_DESC		=> Order: 1049. Payment: 347 USD. User: 599
LMI_LANG		=> ru-RU
LMI_DBLCHK		=> SMS
User_amount		=> 2014
User_id		=> 599
User_tax		=> 0
order		=> 1049
########################################


########### 06-01-2014 14:39 ###########
LMI_MODE		=> 0
LMI_PAYMENT_AMOUNT		=> 347.00
LMI_PAYEE_PURSE		=> Z735510829657
LMI_PAYMENT_NO		=> 1389005313
LMI_PAYER_WM		=> 375062441843
LMI_PAYER_PURSE		=> Z243704458372
LMI_SYS_INVS_NO		=> 437934124
LMI_SYS_TRANS_NO		=> 976346556
LMI_SYS_TRANS_DATE		=> 20140106 14:39:17
LMI_HASH		=> E22BEFD77DCD05920F60BE76538475D6
LMI_PAYMENT_DESC		=> Order: 1049. Payment: 347 USD. User: 599
LMI_LANG		=> ru-RU
LMI_DBLCHK		=> SMS
User_amount		=> 2014
User_id		=> 599
User_tax		=> 0
order		=> 1049
########################################


