########### 09-09-2013 18:56 ###########
########################################


########### 09-09-2013 18:56 ###########
Status: FAIL! Не верная цифровая подпись!
SignStr:Z735510829657XFgw
CalcSign:C133C0EDE71FFEA502BC1A9D1AE21E40
RespSign:
########################################


########### 09-09-2013 18:56 ###########
LMI_MODE		=> 0
LMI_PAYMENT_AMOUNT		=> 107.00
LMI_PAYEE_PURSE		=> Z735510829657
LMI_PAYMENT_NO		=> 1378739179
LMI_PAYER_WM		=> 963370067010
LMI_PAYER_PURSE		=> Z188351432907
LMI_SYS_INVS_NO		=> 407681494
LMI_SYS_TRANS_NO		=> 917613504
LMI_SYS_TRANS_DATE		=> 20130909 18:56:51
LMI_HASH		=> C2B45608D1CEABB09CDF0B0885FBBAD7
LMI_PAYMENT_DESC		=> Order: 827. Payment: 107 USD. User: 599
LMI_LANG		=> ru-RU
LMI_DBLCHK		=> SMS
User_amount		=> 624
User_id		=> 599
User_tax		=> 0
order		=> 827
########################################


########### 09-09-2013 18:56 ###########
LMI_MODE		=> 0
LMI_PAYMENT_AMOUNT		=> 107.00
LMI_PAYEE_PURSE		=> Z735510829657
LMI_PAYMENT_NO		=> 1378739179
LMI_PAYER_WM		=> 963370067010
LMI_PAYER_PURSE		=> Z188351432907
LMI_SYS_INVS_NO		=> 407681494
LMI_SYS_TRANS_NO		=> 917613504
LMI_SYS_TRANS_DATE		=> 20130909 18:56:51
LMI_HASH		=> C2B45608D1CEABB09CDF0B0885FBBAD7
LMI_PAYMENT_DESC		=> Order: 827. Payment: 107 USD. User: 599
LMI_LANG		=> ru-RU
LMI_DBLCHK		=> SMS
User_amount		=> 624
User_id		=> 599
User_tax		=> 0
order		=> 827
########################################


