########### 31-08-2013 12:41 ###########
########################################


########### 31-08-2013 12:41 ###########
Status: FAIL! Не верная цифровая подпись!
SignStr:Z735510829657XFgw
CalcSign:C133C0EDE71FFEA502BC1A9D1AE21E40
RespSign:
########################################


########### 31-08-2013 12:41 ###########
LMI_MODE		=> 0
LMI_PAYMENT_AMOUNT		=> 257.00
LMI_PAYEE_PURSE		=> Z735510829657
LMI_PAYMENT_NO		=> 1377938595
LMI_PAYER_WM		=> 375062441843
LMI_PAYER_PURSE		=> Z243704458372
LMI_SYS_INVS_NO		=> 405578667
LMI_SYS_TRANS_NO		=> 913523513
LMI_SYS_TRANS_DATE		=> 20130831 12:41:38
LMI_HASH		=> 9F0F3C5E4D5ABD16E34C3D30BF8841CF
LMI_PAYMENT_DESC		=> Order: 827. Payment: 257 USD. User: 599
LMI_LANG		=> ru-RU
LMI_DBLCHK		=> SMS
User_amount		=> 1504
User_id		=> 599
User_tax		=> 0
order		=> 827
########################################


########### 31-08-2013 12:41 ###########
LMI_MODE		=> 0
LMI_PAYMENT_AMOUNT		=> 257.00
LMI_PAYEE_PURSE		=> Z735510829657
LMI_PAYMENT_NO		=> 1377938595
LMI_PAYER_WM		=> 375062441843
LMI_PAYER_PURSE		=> Z243704458372
LMI_SYS_INVS_NO		=> 405578667
LMI_SYS_TRANS_NO		=> 913523513
LMI_SYS_TRANS_DATE		=> 20130831 12:41:38
LMI_HASH		=> 9F0F3C5E4D5ABD16E34C3D30BF8841CF
LMI_PAYMENT_DESC		=> Order: 827. Payment: 257 USD. User: 599
LMI_LANG		=> ru-RU
LMI_DBLCHK		=> SMS
User_amount		=> 1504
User_id		=> 599
User_tax		=> 0
order		=> 827
########################################


