########### 13-01-2014 19:09 ###########
########################################


########### 13-01-2014 19:09 ###########
Status: FAIL! Не верная цифровая подпись!
SignStr:Z735510829657XFgw
CalcSign:C133C0EDE71FFEA502BC1A9D1AE21E40
RespSign:
########################################


########### 13-01-2014 19:09 ###########
LMI_MODE		=> 0
LMI_PAYMENT_AMOUNT		=> 84.00
LMI_PAYEE_PURSE		=> Z735510829657
LMI_PAYMENT_NO		=> 1389626325
LMI_PAYER_WM		=> 375062441843
LMI_PAYER_PURSE		=> Z243704458372
LMI_SYS_INVS_NO		=> 439711056
LMI_SYS_TRANS_NO		=> 979912520
LMI_SYS_TRANS_DATE		=> 20140113 19:09:50
LMI_HASH		=> 880977E411E91621C94B8383455E2CAA
LMI_PAYMENT_DESC		=> Order: 1261. Payment: 84 USD. User: 599
LMI_LANG		=> ru-RU
LMI_DBLCHK		=> SMS
User_amount		=> 484
User_id		=> 599
User_tax		=> 0
order		=> 1261
########################################


########### 13-01-2014 19:09 ###########
LMI_MODE		=> 0
LMI_PAYMENT_AMOUNT		=> 84.00
LMI_PAYEE_PURSE		=> Z735510829657
LMI_PAYMENT_NO		=> 1389626325
LMI_PAYER_WM		=> 375062441843
LMI_PAYER_PURSE		=> Z243704458372
LMI_SYS_INVS_NO		=> 439711056
LMI_SYS_TRANS_NO		=> 979912520
LMI_SYS_TRANS_DATE		=> 20140113 19:09:50
LMI_HASH		=> 880977E411E91621C94B8383455E2CAA
LMI_PAYMENT_DESC		=> Order: 1261. Payment: 84 USD. User: 599
LMI_LANG		=> ru-RU
LMI_DBLCHK		=> SMS
User_amount		=> 484
User_id		=> 599
User_tax		=> 0
order		=> 1261
########################################


