########### 20-06-2013 21:12 ###########
########################################


########### 20-06-2013 21:12 ###########
Status: FAIL! Не верная цифровая подпись!
SignStr:Z735510829657XFgw
CalcSign:C133C0EDE71FFEA502BC1A9D1AE21E40
RespSign:
########################################


########### 20-06-2013 21:12 ###########
LMI_MODE		=> 0
LMI_PAYMENT_AMOUNT		=> 190.00
LMI_PAYEE_PURSE		=> Z735510829657
LMI_PAYMENT_NO		=> 1371748893
LMI_PAYER_WM		=> 375062441843
LMI_PAYER_PURSE		=> Z243704458372
LMI_SYS_INVS_NO		=> 389507607
LMI_SYS_TRANS_NO		=> 882600750
LMI_SYS_TRANS_DATE		=> 20130620 21:12:43
LMI_HASH		=> 8E2A44FB4EB92D8F6EAD18F64B4B615D
LMI_PAYMENT_DESC		=> Order: 12. Payment: 190 USD. User: 599
LMI_LANG		=> ru-RU
LMI_DBLCHK		=> SMS
User_amount		=> 1117
User_id		=> 599
User_tax		=> 0
order		=> 12
########################################


########### 20-06-2013 21:12 ###########
LMI_MODE		=> 0
LMI_PAYMENT_AMOUNT		=> 190.00
LMI_PAYEE_PURSE		=> Z735510829657
LMI_PAYMENT_NO		=> 1371748893
LMI_PAYER_WM		=> 375062441843
LMI_PAYER_PURSE		=> Z243704458372
LMI_SYS_INVS_NO		=> 389507607
LMI_SYS_TRANS_NO		=> 882600750
LMI_SYS_TRANS_DATE		=> 20130620 21:12:43
LMI_HASH		=> 8E2A44FB4EB92D8F6EAD18F64B4B615D
LMI_PAYMENT_DESC		=> Order: 12. Payment: 190 USD. User: 599
LMI_LANG		=> ru-RU
LMI_DBLCHK		=> SMS
User_amount		=> 1117
User_id		=> 599
User_tax		=> 0
order		=> 12
########################################


