########### 15-03-2014 20:31 ###########
########################################


########### 15-03-2014 20:31 ###########
Status: FAIL! Не верная цифровая подпись!
SignStr:Z735510829657XFgw
CalcSign:C133C0EDE71FFEA502BC1A9D1AE21E40
RespSign:
########################################


########### 15-03-2014 20:31 ###########
LMI_MODE		=> 0
LMI_PAYMENT_AMOUNT		=> 354.00
LMI_PAYEE_PURSE		=> Z735510829657
LMI_PAYMENT_NO		=> 1394898027
LMI_PAYER_WM		=> 375062441843
LMI_PAYER_PURSE		=> Z243704458372
LMI_SYS_INVS_NO		=> 455260895
LMI_SYS_TRANS_NO		=> 1011312559
LMI_SYS_TRANS_DATE		=> 20140315 19:31:11
LMI_HASH		=> 60ECD76343FBD9BAF88FD34907095134
LMI_PAYMENT_DESC		=> Order: 1335. Payment: 354 USD. User: 599
LMI_LANG		=> ru-RU
LMI_DBLCHK		=> SMS
User_amount		=> 2083
User_id		=> 599
User_tax		=> 0
order		=> 1335
########################################


########### 15-03-2014 20:31 ###########
LMI_MODE		=> 0
LMI_PAYMENT_AMOUNT		=> 354.00
LMI_PAYEE_PURSE		=> Z735510829657
LMI_PAYMENT_NO		=> 1394898027
LMI_PAYER_WM		=> 375062441843
LMI_PAYER_PURSE		=> Z243704458372
LMI_SYS_INVS_NO		=> 455260895
LMI_SYS_TRANS_NO		=> 1011312559
LMI_SYS_TRANS_DATE		=> 20140315 19:31:11
LMI_HASH		=> 60ECD76343FBD9BAF88FD34907095134
LMI_PAYMENT_DESC		=> Order: 1335. Payment: 354 USD. User: 599
LMI_LANG		=> ru-RU
LMI_DBLCHK		=> SMS
User_amount		=> 2083
User_id		=> 599
User_tax		=> 0
order		=> 1335
########################################


